<?xml version="1.0" encoding="UTF-8"?>
<testsuite xmlns:xsi="http://www.w3.org/2001/XMLSchema-instance" xsi:noNamespaceSchemaLocation="https://maven.apache.org/surefire/maven-surefire-plugin/xsd/surefire-test-report-3.0.xsd" version="3.0" name="com.backend.remo.RemoApplicationTests" time="7.824" tests="1" errors="0" skipped="0" failures="0">
  <properties>
[...]
</properties>
  <testcase name="contextLoads" classname="com.backend.remo.RemoApplicationTests" time="0.6">
    <system-out><![CDATA[20:35:55.024 [main] INFO org.springframework.test.context.support.AnnotationConfigContextLoaderUtils -- Could not detect default configuration classes for test class [com.backend.remo.RemoApplicationTests]: RemoApplicationTests does not declare any static, non-private, non-final, nested classes annotated with @Configuration.
20:35:55.122 [main] INFO org.springframework.boot.test.context.SpringBootTestContextBootstrapper -- Found @SpringBootConfiguration com.backend.remo.RemoApplication for test class com.backend.remo.RemoApplicationTests
20:35:55.283 [main] INFO org.springframework.boot.devtools.restart.RestartApplicationListener -- Restart disabled due to context in which it is running

  .   ____          _            __ _ _
 /\\ / ___'_ __ _ _(_)_ __  __ _ \ \ \ \
( ( )\___ | '_ | '_| | '_ \/ _` | \ \ \ \
 \\/  ___)| |_)| | | | | || (_| |  ) ) ) )
  '  |____| .__|_| |_|_| |_\__, | / / / /
 =========|_|==============|___/=/_/_/_/
 :: Spring Boot ::                (v3.1.5)

2023-12-07T20:35:55.718-03:00  INFO 9063 --- [           main] com.backend.remo.RemoApplicationTests    : Starting RemoApplicationTests using Java 21.0.1 with PID 9063 (started by kairon in /home/kairon/Documents/remo)
2023-12-07T20:35:55.720-03:00  INFO 9063 --- [           main] com.backend.remo.RemoApplicationTests    : No active profile set, falling back to 1 default profile: "default"
2023-12-07T20:35:56.852-03:00  INFO 9063 --- [           main] .s.d.r.c.RepositoryConfigurationDelegate : Bootstrapping Spring Data JPA repositories in DEFAULT mode.
2023-12-07T20:35:56.992-03:00  INFO 9063 --- [           main] .s.d.r.c.RepositoryConfigurationDelegate : Finished Spring Data repository scanning in 127 ms. Found 10 JPA repository interfaces.
2023-12-07T20:35:57.743-03:00  INFO 9063 --- [           main] o.hibernate.jpa.internal.util.LogHelper  : HHH000204: Processing PersistenceUnitInfo [name: default]
2023-12-07T20:35:57.792-03:00  INFO 9063 --- [           main] org.hibernate.Version                    : HHH000412: Hibernate ORM core version 6.2.13.Final
2023-12-07T20:35:57.794-03:00  INFO 9063 --- [           main] org.hibernate.cfg.Environment            : HHH000406: Using bytecode reflection optimizer
2023-12-07T20:35:58.134-03:00  INFO 9063 --- [           main] o.s.o.j.p.SpringPersistenceUnitInfo      : No LoadTimeWeaver setup: ignoring JPA class transformer
2023-12-07T20:35:58.162-03:00  INFO 9063 --- [           main] com.zaxxer.hikari.HikariDataSource       : HikariPool-1 - Starting...
2023-12-07T20:35:58.385-03:00  INFO 9063 --- [           main] com.zaxxer.hikari.pool.HikariPool        : HikariPool-1 - Added connection org.postgresql.jdbc.PgConnection@52909a97
2023-12-07T20:35:58.387-03:00  INFO 9063 --- [           main] com.zaxxer.hikari.HikariDataSource       : HikariPool-1 - Start completed.
2023-12-07T20:35:58.420-03:00  WARN 9063 --- [           main] org.hibernate.orm.deprecation            : HHH90000025: PostgreSQLDialect does not need to be specified explicitly using 'hibernate.dialect' (remove the property setting and it will be selected by default)
2023-12-07T20:35:59.654-03:00  INFO 9063 --- [           main] o.h.e.t.j.p.i.JtaPlatformInitiator       : HHH000489: No JTA platform available (set 'hibernate.transaction.jta.platform' to enable JTA platform integration)
2023-12-07T20:35:59.807-03:00  INFO 9063 --- [           main] j.LocalContainerEntityManagerFactoryBean : Initialized JPA EntityManagerFactory for persistence unit 'default'
2023-12-07T20:36:00.279-03:00  INFO 9063 --- [           main] o.s.d.j.r.query.QueryEnhancerFactory     : Hibernate is in classpath; If applicable, HQL parser will be used.
2023-12-07T20:36:01.132-03:00  WARN 9063 --- [           main] JpaBaseConfiguration$JpaWebConfiguration : spring.jpa.open-in-view is enabled by default. Therefore, database queries may be performed during view rendering. Explicitly configure spring.jpa.open-in-view to disable this warning
2023-12-07T20:36:01.566-03:00  INFO 9063 --- [           main] o.s.s.web.DefaultSecurityFilterChain     : Will secure any request with [org.springframework.security.web.session.DisableEncodeUrlFilter@792b0cad, org.springframework.security.web.context.request.async.WebAsyncManagerIntegrationFilter@8be84bf, org.springframework.security.web.context.SecurityContextHolderFilter@432fca40, org.springframework.security.web.header.HeaderWriterFilter@c310aa3, org.springframework.security.web.authentication.logout.LogoutFilter@530e500c, com.backend.remo.core.config.JwtAuthenticationFilter@453961d7, org.springframework.security.web.savedrequest.RequestCacheAwareFilter@71662b15, org.springframework.security.web.servletapi.SecurityContextHolderAwareRequestFilter@6f10082e, org.springframework.security.web.authentication.AnonymousAuthenticationFilter@1d5e0621, org.springframework.security.web.session.SessionManagementFilter@4b20b431, org.springframework.security.web.access.ExceptionTranslationFilter@740ddb41, org.springframework.security.web.access.intercept.AuthorizationFilter@7fec354]
2023-12-07T20:36:02.005-03:00  INFO 9063 --- [           main] com.backend.remo.RemoApplicationTests    : Started RemoApplicationTests in 6.739 seconds (process running for 7.86)
]]></system-out>
    <system-err><![CDATA[WARNING: A Java agent has been loaded dynamically (/home/kairon/.m2/repository/net/bytebuddy/byte-buddy-agent/1.14.9/byte-buddy-agent-1.14.9.jar)
WARNING: If a serviceability tool is in use, please run with -XX:+EnableDynamicAgentLoading to hide this warning
WARNING: If a serviceability tool is not in use, please run with -Djdk.instrument.traceUsage for more information
WARNING: Dynamic loading of agents will be disallowed by default in a future release
]]></system-err>
  </testcase>
</testsuite>